.\x64\Debug\plife.ilk
.\x64\Debug\plife.pdb
C:\USERS\SEVIM\DOCUMENTS\VISUAL STUDIO 2010\PROJECTS\PLIFE\PLIFE\X64\DEBUG\MAIN.OBJ
C:\USERS\SEVIM\DOCUMENTS\VISUAL STUDIO 2010\PROJECTS\PLIFE\PLIFE\X64\DEBUG\PLIFE.DLL
C:\USERS\SEVIM\DOCUMENTS\VISUAL STUDIO 2010\PROJECTS\PLIFE\PLIFE\X64\DEBUG\PLIFE.DLL.EMBED.MANIFEST
C:\USERS\SEVIM\DOCUMENTS\VISUAL STUDIO 2010\PROJECTS\PLIFE\PLIFE\X64\DEBUG\PLIFE.DLL.EMBED.MANIFEST.RES
C:\USERS\SEVIM\DOCUMENTS\VISUAL STUDIO 2010\PROJECTS\PLIFE\PLIFE\X64\DEBUG\PLIFE.DLL.INTERMEDIATE.MANIFEST
C:\USERS\SEVIM\DOCUMENTS\VISUAL STUDIO 2010\PROJECTS\PLIFE\PLIFE\X64\DEBUG\PLIFE.ILK
C:\USERS\SEVIM\DOCUMENTS\VISUAL STUDIO 2010\PROJECTS\PLIFE\PLIFE\X64\DEBUG\PLIFE.PDB
C:\USERS\SEVIM\DOCUMENTS\VISUAL STUDIO 2010\PROJECTS\PLIFE\PLIFE\X64\DEBUG\VC100.PDB
C:\Users\sevim\documents\visual studio 2010\Projects\plife\plife\.\x64\Debug\plife.dll
C:\Users\sevim\documents\visual studio 2010\Projects\plife\plife\.\x64\Debug\plife.dll.intermediate.manifest
C:\Users\sevim\documents\visual studio 2010\Projects\plife\plife\x64\Debug\cl.command.1.tlog
C:\Users\sevim\documents\visual studio 2010\Projects\plife\plife\x64\Debug\CL.read.1.tlog
C:\Users\sevim\documents\visual studio 2010\Projects\plife\plife\x64\Debug\CL.write.1.tlog
C:\Users\sevim\documents\visual studio 2010\Projects\plife\plife\x64\Debug\link.3388.read.1.tlog
C:\Users\sevim\documents\visual studio 2010\Projects\plife\plife\x64\Debug\link.3388.write.1.tlog
C:\Users\sevim\documents\visual studio 2010\Projects\plife\plife\x64\Debug\link.3388-cvtres.read.1.tlog
C:\Users\sevim\documents\visual studio 2010\Projects\plife\plife\x64\Debug\link.3388-cvtres.write.1.tlog
C:\Users\sevim\documents\visual studio 2010\Projects\plife\plife\x64\Debug\link.6200.read.1.tlog
C:\Users\sevim\documents\visual studio 2010\Projects\plife\plife\x64\Debug\link.6200.write.1.tlog
C:\Users\sevim\documents\visual studio 2010\Projects\plife\plife\x64\Debug\link.6200-cvtres.read.1.tlog
C:\Users\sevim\documents\visual studio 2010\Projects\plife\plife\x64\Debug\link.6200-cvtres.write.1.tlog
C:\Users\sevim\documents\visual studio 2010\Projects\plife\plife\x64\Debug\link.7336.read.1.tlog
C:\Users\sevim\documents\visual studio 2010\Projects\plife\plife\x64\Debug\link.7336.write.1.tlog
C:\Users\sevim\documents\visual studio 2010\Projects\plife\plife\x64\Debug\link.7336-cvtres.read.1.tlog
C:\Users\sevim\documents\visual studio 2010\Projects\plife\plife\x64\Debug\link.7336-cvtres.write.1.tlog
C:\Users\sevim\documents\visual studio 2010\Projects\plife\plife\x64\Debug\link.7820.read.1.tlog
C:\Users\sevim\documents\visual studio 2010\Projects\plife\plife\x64\Debug\link.7820.write.1.tlog
C:\Users\sevim\documents\visual studio 2010\Projects\plife\plife\x64\Debug\link.7820-cvtres.read.1.tlog
C:\Users\sevim\documents\visual studio 2010\Projects\plife\plife\x64\Debug\link.7820-cvtres.write.1.tlog
C:\Users\sevim\documents\visual studio 2010\Projects\plife\plife\x64\Debug\link.command.1.tlog
C:\Users\sevim\documents\visual studio 2010\Projects\plife\plife\x64\Debug\link.read.1.tlog
C:\Users\sevim\documents\visual studio 2010\Projects\plife\plife\x64\Debug\link.write.1.tlog
C:\Users\sevim\documents\visual studio 2010\Projects\plife\plife\x64\Debug\link-cvtres.read.1.tlog
C:\Users\sevim\documents\visual studio 2010\Projects\plife\plife\x64\Debug\link-cvtres.write.1.tlog
C:\Users\sevim\documents\visual studio 2010\Projects\plife\plife\x64\Debug\main.obj
C:\Users\sevim\documents\visual studio 2010\Projects\plife\plife\x64\Debug\mt.command.1.tlog
C:\Users\sevim\documents\visual studio 2010\Projects\plife\plife\x64\Debug\mt.read.1.tlog
C:\Users\sevim\documents\visual studio 2010\Projects\plife\plife\x64\Debug\mt.write.1.tlog
C:\Users\sevim\documents\visual studio 2010\Projects\plife\plife\x64\Debug\plife.dll.embed.manifest
C:\Users\sevim\documents\visual studio 2010\Projects\plife\plife\x64\Debug\plife.dll.embed.manifest.res
C:\Users\sevim\documents\visual studio 2010\Projects\plife\plife\x64\Debug\plife.dll.intermediate.manifest
C:\Users\sevim\Documents\Visual Studio 2010\Projects\plife\plife\x64\Debug\plife.exp
C:\Users\sevim\documents\visual studio 2010\Projects\plife\plife\x64\Debug\plife.ilk
C:\Users\sevim\Documents\Visual Studio 2010\Projects\plife\plife\x64\Debug\plife.lib
C:\Users\sevim\documents\visual studio 2010\Projects\plife\plife\x64\Debug\plife.pdb
C:\Users\sevim\documents\visual studio 2010\Projects\plife\plife\x64\Debug\plife.vcxprojResolveAssemblyReference.cache
C:\Users\sevim\documents\visual studio 2010\Projects\plife\plife\x64\Debug\plife.write.1.tlog
C:\Users\sevim\documents\visual studio 2010\Projects\plife\plife\x64\Debug\plife_manifest.rc
C:\Users\sevim\documents\visual studio 2010\Projects\plife\plife\x64\Debug\rc.command.1.tlog
C:\Users\sevim\documents\visual studio 2010\Projects\plife\plife\x64\Debug\rc.read.1.tlog
C:\Users\sevim\documents\visual studio 2010\Projects\plife\plife\x64\Debug\rc.write.1.tlog
C:\Users\sevim\documents\visual studio 2010\Projects\plife\plife\x64\Debug\vc100.idb
C:\Users\sevim\documents\visual studio 2010\Projects\plife\plife\x64\Debug\vc100.pdb
